0 info it worked if it ends with ok
1 verbose cli [ '/usr/bin/node', '/usr/bin/npm', 'run', 'webpack', 'build', '.' ]
2 info using npm@6.9.0
3 info using node@v12.3.1
4 verbose config Skipping project config: /home/rails/.npmrc. (matches userconfig)
5 verbose stack Error: missing script: webpack
5 verbose stack     at run (/usr/lib/node_modules/npm/lib/run-script.js:155:19)
5 verbose stack     at /usr/lib/node_modules/npm/lib/run-script.js:63:5
5 verbose stack     at /usr/lib/node_modules/npm/node_modules/read-package-json/read-json.js:115:5
5 verbose stack     at /usr/lib/node_modules/npm/node_modules/read-package-json/read-json.js:418:5
5 verbose stack     at checkBinReferences_ (/usr/lib/node_modules/npm/node_modules/read-package-json/read-json.js:373:45)
5 verbose stack     at final (/usr/lib/node_modules/npm/node_modules/read-package-json/read-json.js:416:3)
5 verbose stack     at then (/usr/lib/node_modules/npm/node_modules/read-package-json/read-json.js:160:5)
5 verbose stack     at /usr/lib/node_modules/npm/node_modules/read-package-json/read-json.js:364:12
5 verbose stack     at /usr/lib/node_modules/npm/node_modules/graceful-fs/graceful-fs.js:90:16
5 verbose stack     at FSReqCallback.readFileAfterClose [as oncomplete] (internal/fs/read_file_context.js:61:3)
6 verbose cwd /home/rails
7 verbose Linux 4.9.125-linuxkit
8 verbose argv "/usr/bin/node" "/usr/bin/npm" "run" "webpack" "build" "."
9 verbose node v12.3.1
10 verbose npm  v6.9.0
11 error missing script: webpack
12 verbose exit [ 1, true ]
